This is pdfTeX, Version 3.14159265-2.6-1.40.16 (MiKTeX 2.9 64-bit) (preloaded format=pdflatex 2016.4.1)  12 DEC 2016 14:38
entering extended mode
**./template_climate_of_the_past.tex
(template_climate_of_the_past.tex
LaTeX2e <2016/02/01>
Babel <3.9q> and hyphenation patterns for 70 language(s) loaded.

("C:\Users\Holmes\AppData\Local\Programs\MiKTeX 2.9\tex\latex\ieeetran\IEEEtran
.cls"
Document Class: IEEEtran 2015/08/26 V1.8b by Michael Shell
-- See the "IEEEtran_HOWTO" manual for usage information.
-- http://www.michaelshell.org/tex/ieeetran/
\@IEEEtrantmpdimenA=\dimen102
\@IEEEtrantmpdimenB=\dimen103
\@IEEEtrantmpdimenC=\dimen104
\@IEEEtrantmpcountA=\count79
\@IEEEtrantmpcountB=\count80
\@IEEEtrantmpcountC=\count81
\@IEEEtrantmptoksA=\toks14
LaTeX Font Info:    Try loading font information for OT1+ptm on input line 503.

("C:\Users\Holmes\AppData\Local\Programs\MiKTeX 2.9\tex\latex\psnfss\ot1ptm.fd"
File: ot1ptm.fd 2001/06/04 font definitions for OT1/ptm.
)
-- Using 8.5in x 11in (letter) paper.
-- Using PDF output.
\@IEEEnormalsizeunitybaselineskip=\dimen105
-- This is an 11 point document.
\CLASSINFOnormalsizebaselineskip=\dimen106
\CLASSINFOnormalsizeunitybaselineskip=\dimen107
\IEEEnormaljot=\dimen108
LaTeX Font Info:    Font shape `OT1/ptm/bx/n' in size <6> not available
(Font)              Font shape `OT1/ptm/b/n' tried instead on input line 1090.
LaTeX Font Info:    Font shape `OT1/ptm/bx/it' in size <6> not available
(Font)              Font shape `OT1/ptm/b/it' tried instead on input line 1090.

LaTeX Font Info:    Font shape `OT1/ptm/bx/n' in size <8> not available
(Font)              Font shape `OT1/ptm/b/n' tried instead on input line 1090.
LaTeX Font Info:    Font shape `OT1/ptm/bx/it' in size <8> not available
(Font)              Font shape `OT1/ptm/b/it' tried instead on input line 1090.

LaTeX Font Info:    Font shape `OT1/ptm/bx/n' in size <9> not available
(Font)              Font shape `OT1/ptm/b/n' tried instead on input line 1090.
LaTeX Font Info:    Font shape `OT1/ptm/bx/it' in size <9> not available
(Font)              Font shape `OT1/ptm/b/it' tried instead on input line 1090.

LaTeX Font Info:    Font shape `OT1/ptm/bx/n' in size <10> not available
(Font)              Font shape `OT1/ptm/b/n' tried instead on input line 1090.
LaTeX Font Info:    Font shape `OT1/ptm/bx/it' in size <10> not available
(Font)              Font shape `OT1/ptm/b/it' tried instead on input line 1090.

LaTeX Font Info:    Font shape `OT1/ptm/bx/n' in size <11> not available
(Font)              Font shape `OT1/ptm/b/n' tried instead on input line 1090.
LaTeX Font Info:    Font shape `OT1/ptm/bx/it' in size <11> not available
(Font)              Font shape `OT1/ptm/b/it' tried instead on input line 1090.

LaTeX Font Info:    Font shape `OT1/ptm/bx/n' in size <12> not available
(Font)              Font shape `OT1/ptm/b/n' tried instead on input line 1090.
LaTeX Font Info:    Font shape `OT1/ptm/bx/it' in size <12> not available
(Font)              Font shape `OT1/ptm/b/it' tried instead on input line 1090.

LaTeX Font Info:    Font shape `OT1/ptm/bx/n' in size <17> not available
(Font)              Font shape `OT1/ptm/b/n' tried instead on input line 1090.
LaTeX Font Info:    Font shape `OT1/ptm/bx/it' in size <17> not available
(Font)              Font shape `OT1/ptm/b/it' tried instead on input line 1090.

LaTeX Font Info:    Font shape `OT1/ptm/bx/n' in size <20> not available
(Font)              Font shape `OT1/ptm/b/n' tried instead on input line 1090.
LaTeX Font Info:    Font shape `OT1/ptm/bx/it' in size <20> not available
(Font)              Font shape `OT1/ptm/b/it' tried instead on input line 1090.

LaTeX Font Info:    Font shape `OT1/ptm/bx/n' in size <24> not available
(Font)              Font shape `OT1/ptm/b/n' tried instead on input line 1090.
LaTeX Font Info:    Font shape `OT1/ptm/bx/it' in size <24> not available
(Font)              Font shape `OT1/ptm/b/it' tried instead on input line 1090.

\IEEEquantizedlength=\dimen109
\IEEEquantizedlengthdiff=\dimen110
\IEEEquantizedtextheightdiff=\dimen111
\IEEEilabelindentA=\dimen112
\IEEEilabelindentB=\dimen113
\IEEEilabelindent=\dimen114
\IEEEelabelindent=\dimen115
\IEEEdlabelindent=\dimen116
\IEEElabelindent=\dimen117
\IEEEiednormlabelsep=\dimen118
\IEEEiedmathlabelsep=\dimen119
\IEEEiedtopsep=\skip41
\c@section=\count82
\c@subsection=\count83
\c@subsubsection=\count84
\c@paragraph=\count85
\c@IEEEsubequation=\count86
\abovecaptionskip=\skip42
\belowcaptionskip=\skip43
\c@figure=\count87
\c@table=\count88
\@IEEEeqnnumcols=\count89
\@IEEEeqncolcnt=\count90
\@IEEEsubeqnnumrollback=\count91
\@IEEEquantizeheightA=\dimen120
\@IEEEquantizeheightB=\dimen121
\@IEEEquantizeheightC=\dimen122
\@IEEEquantizeprevdepth=\dimen123
\@IEEEquantizemultiple=\count92
\@IEEEquantizeboxA=\box26
\@IEEEtmpitemindent=\dimen124
\IEEEPARstartletwidth=\dimen125
\c@IEEEbiography=\count93
\@IEEEtranrubishbin=\box27
)
("C:\Users\Holmes\AppData\Local\Programs\MiKTeX 2.9\tex\generic\babel\babel.sty
"
Package: babel 2016/02/09 3.9q The Babel package

*************************************
* Local config file bblopts.cfg used
*

("C:\Users\Holmes\AppData\Local\Programs\MiKTeX 2.9\tex\latex\00miktex\bblopts.
cfg"
File: bblopts.cfg 2006/07/31 v1.0 MiKTeX 'babel' configuration
)
("C:\Users\Holmes\AppData\Local\Programs\MiKTeX 2.9\tex\latex\babel-german\germ
an.ldf"
Language: german 2014/10/10 v2.7b German support for babel (traditional orthogr
aphy)

("C:\Users\Holmes\AppData\Local\Programs\MiKTeX 2.9\tex\latex\babel-german\germ
anb.ldf"
Language: germanb 2014/10/10 v2.7b German support for babel (traditional orthog
raphy)

("C:\Users\Holmes\AppData\Local\Programs\MiKTeX 2.9\tex\generic\babel\babel.def
"
File: babel.def 2016/02/09 3.9q Babel common definitions
\babel@savecnt=\count94
\U@D=\dimen126
)
\l@austrian = a dialect from \language\l@german 
Package babel Info: Making " an active character on input line 110.
))
("C:\Users\Holmes\AppData\Local\Programs\MiKTeX 2.9\tex\latex\babel-english\eng
lish.ldf"
Language: english 2012/08/20 v3.3p English support from the babel system
\l@canadian = a dialect from \language\l@american 
\l@australian = a dialect from \language\l@british 
\l@newzealand = a dialect from \language\l@british 
))
("C:\Users\Holmes\AppData\Local\Programs\MiKTeX 2.9\tex\latex\tools\tabularx.st
y"
Package: tabularx 2014/10/28 v2.10 `tabularx' package (DPC)
 ("C:\Users\Holmes\AppData\Local\Programs\MiKTeX 2.9\tex\latex\tools\array.sty"
Package: array 2014/10/28 v2.4c Tabular extension package (FMi)
\col@sep=\dimen127
\extrarowheight=\dimen128
\NC@list=\toks15
\extratabsurround=\skip44
\backup@length=\skip45
)
\TX@col@width=\dimen129
\TX@old@table=\dimen130
\TX@old@col=\dimen131
\TX@target=\dimen132
\TX@delta=\dimen133
\TX@cols=\count95
\TX@ftn=\toks16
)
("C:\Users\Holmes\AppData\Local\Programs\MiKTeX 2.9\tex\latex\cancel\cancel.sty
"
Package: cancel 2013/04/12 v2.2 Cancel math terms
)
("C:\Users\Holmes\AppData\Local\Programs\MiKTeX 2.9\tex\latex\multirow\multirow
.sty"
\bigstrutjot=\dimen134
)
("C:\Users\Holmes\AppData\Local\Programs\MiKTeX 2.9\tex\latex\supertabular\supe
rtabular.sty"
Package: supertabular 2004/02/20 v4.1e the supertabular environment
\c@tracingst=\count96
\ST@wd=\dimen135
\ST@rightskip=\skip46
\ST@leftskip=\skip47
\ST@parfillskip=\skip48
\ST@pageleft=\dimen136
\ST@headht=\dimen137
\ST@tailht=\dimen138
\ST@pagesofar=\dimen139
\ST@pboxht=\dimen140
\ST@lineht=\dimen141
\ST@stretchht=\dimen142
\ST@prevht=\dimen143
\ST@toadd=\dimen144
\ST@dimen=\dimen145
\ST@pbox=\box28
)
("C:\Users\Holmes\AppData\Local\Programs\MiKTeX 2.9\tex\latex\algorithms\algori
thmic.sty"
Package: algorithmic 2009/08/24 v0.1 Document Style `algorithmic'

("C:\Users\Holmes\AppData\Local\Programs\MiKTeX 2.9\tex\latex\base\ifthen.sty"
Package: ifthen 2014/09/29 v1.1c Standard LaTeX ifthen package (DPC)
)
("C:\Users\Holmes\AppData\Local\Programs\MiKTeX 2.9\tex\latex\graphics\keyval.s
ty"
Package: keyval 2014/10/28 v1.15 key=value parser (DPC)
\KV@toks@=\toks17
)
\c@ALC@unique=\count97
\c@ALC@line=\count98
\c@ALC@rem=\count99
\c@ALC@depth=\count100
\ALC@tlm=\skip49
\algorithmicindent=\skip50
)
("C:\Users\Holmes\AppData\Local\Programs\MiKTeX 2.9\tex\latex\algorithms\algori
thm.sty"
Package: algorithm 2009/08/24 v0.1 Document Style `algorithm' - floating enviro
nment

("C:\Users\Holmes\AppData\Local\Programs\MiKTeX 2.9\tex\latex\float\float.sty"
Package: float 2001/11/08 v1.3d Float enhancements (AL)
\c@float@type=\count101
\float@exts=\toks18
\float@box=\box29
\@float@everytoks=\toks19
\@floatcapt=\box30
)
\@float@every@algorithm=\toks20
\c@algorithm=\count102
)
("C:\Users\Holmes\AppData\Local\Programs\MiKTeX 2.9\tex\latex\amscls\amsthm.sty
"
Package: amsthm 2015/03/04 v2.20.2
\thm@style=\toks21
\thm@bodyfont=\toks22
\thm@headfont=\toks23
\thm@notefont=\toks24
\thm@headpunct=\toks25
\thm@preskip=\skip51
\thm@postskip=\skip52
\thm@headsep=\skip53
\dth@everypar=\toks26
)
("C:\Users\Holmes\AppData\Local\Programs\MiKTeX 2.9\tex\latex\subfig\subfig.sty
"
Package: subfig 2005/06/28 ver: 1.3 subfig package

("C:\Users\Holmes\AppData\Local\Programs\MiKTeX 2.9\tex\latex\caption\caption.s
ty"
Package: caption 2016/02/21 v3.3-144 Customizing captions (AR)

("C:\Users\Holmes\AppData\Local\Programs\MiKTeX 2.9\tex\latex\caption\caption3.
sty"
Package: caption3 2016/02/04 v1.7-139 caption3 kernel (AR)
Package caption3 Info: TeX engine: e-TeX on input line 67.
\captionmargin=\dimen146
\captionmargin@=\dimen147
\captionwidth=\dimen148
\caption@tempdima=\dimen149
\caption@indent=\dimen150
\caption@parindent=\dimen151
\caption@hangindent=\dimen152
Package caption Info: Unknown document class (or package),
(caption)             standard defaults will be used.
)

Package caption Warning: Unsupported document class (or package) detected,
(caption)                usage of the caption package is not recommended.
See the caption package documentation for explanation.

Package caption Info: \@makecaption = \long macro:#1#2->\ifx \@captype \@IEEEta
blestring \footnotesize \bgroup \par \centering \@IEEEtabletopskipstrut {\norma
lfont \footnotesize #1}\\{\normalfont \footnotesize \scshape #2}\par \addvspace
 {0.5\baselineskip }\egroup \@IEEEtablecaptionsepspace \else \@IEEEfigurecaptio
nsepspace \setbox \@tempboxa \hbox {\normalfont \footnotesize {#1.}\nobreakspac
e \nobreakspace #2}\ifdim \wd \@tempboxa >\hsize \setbox \@tempboxa \hbox {\nor
malfont \footnotesize {#1.}\nobreakspace \nobreakspace }\parbox [t]{\hsize }{\n
ormalfont \footnotesize \noindent \unhbox \@tempboxa #2}\else \ifCLASSOPTIONcon
ference \hbox to\hsize {\normalfont \footnotesize \hfil \box \@tempboxa \hfil }
\else \hbox to\hsize {\normalfont \footnotesize \box \@tempboxa \hfil }\fi \fi 
\fi .
\c@ContinuedFloat=\count103
Package caption Info: float package is loaded.
Package caption Info: supertabular package is loaded.
)
\c@KVtest=\count104
\sf@farskip=\skip54
\sf@captopadj=\dimen153
\sf@capskip=\skip55
\sf@nearskip=\skip56
\c@subfigure=\count105
\c@subfigure@save=\count106
\c@lofdepth=\count107
\c@subtable=\count108
\c@subtable@save=\count109
\c@lotdepth=\count110
\sf@top=\skip57
\sf@bottom=\skip58
)
("C:\Users\Holmes\AppData\Local\Programs\MiKTeX 2.9\tex\latex\rotating\rotating
.sty"
Package: rotating 2009/03/28 v2.16a rotated objects in LaTeX

("C:\Users\Holmes\AppData\Local\Programs\MiKTeX 2.9\tex\latex\graphics\graphicx
.sty"
Package: graphicx 2014/10/28 v1.0g Enhanced LaTeX Graphics (DPC,SPQR)

("C:\Users\Holmes\AppData\Local\Programs\MiKTeX 2.9\tex\latex\graphics\graphics
.sty"
Package: graphics 2016/01/03 v1.0q Standard LaTeX Graphics (DPC,SPQR)

("C:\Users\Holmes\AppData\Local\Programs\MiKTeX 2.9\tex\latex\graphics\trig.sty
"
Package: trig 2016/01/03 v1.10 sin cos tan (DPC)
)
("C:\Users\Holmes\AppData\Local\Programs\MiKTeX 2.9\tex\latex\00miktex\graphics
.cfg"
File: graphics.cfg 2010/04/23 v1.9 graphics configuration of TeX Live
)
Package graphics Info: Driver file: pdftex.def on input line 95.

("C:\Users\Holmes\AppData\Local\Programs\MiKTeX 2.9\tex\latex\pdftex-def\pdftex
.def"
File: pdftex.def 2011/05/27 v0.06d Graphics/color for pdfTeX

("C:\Users\Holmes\AppData\Local\Programs\MiKTeX 2.9\tex\generic\oberdiek\infwar
err.sty"
Package: infwarerr 2010/04/08 v1.3 Providing info/warning/error messages (HO)
)
("C:\Users\Holmes\AppData\Local\Programs\MiKTeX 2.9\tex\generic\oberdiek\ltxcmd
s.sty"
Package: ltxcmds 2011/11/09 v1.22 LaTeX kernel commands for general use (HO)
)
\Gread@gobject=\count111
))
\Gin@req@height=\dimen154
\Gin@req@width=\dimen155
)
\c@r@tfl@t=\count112
\rotFPtop=\skip59
\rotFPbot=\skip60
\rot@float@box=\box31
\rot@mess@toks=\toks27
)
("C:\Users\Holmes\AppData\Local\Programs\MiKTeX 2.9\tex\latex\amsfonts\amssymb.
sty"
Package: amssymb 2013/01/14 v3.01 AMS font symbols

("C:\Users\Holmes\AppData\Local\Programs\MiKTeX 2.9\tex\latex\amsfonts\amsfonts
.sty"
Package: amsfonts 2013/01/14 v3.01 Basic AMSFonts support
\@emptytoks=\toks28
\symAMSa=\mathgroup4
\symAMSb=\mathgroup5
LaTeX Font Info:    Overwriting math alphabet `\mathfrak' in version `bold'
(Font)                  U/euf/m/n --> U/euf/b/n on input line 106.
))
("C:\Users\Holmes\AppData\Local\Programs\MiKTeX 2.9\tex\latex\graphics\color.st
y"
Package: color 2016/01/03 v1.1b Standard LaTeX Color (DPC)

("C:\Users\Holmes\AppData\Local\Programs\MiKTeX 2.9\tex\latex\00miktex\color.cf
g"
File: color.cfg 2007/01/18 v1.5 color configuration of teTeX/TeXLive
)
Package color Info: Driver file: pdftex.def on input line 143.
)
("C:\Users\Holmes\AppData\Local\Programs\MiKTeX 2.9\tex\latex\amsmath\amsmath.s
ty"
Package: amsmath 2016/03/03 v2.15a AMS math features
\@mathmargin=\skip61

For additional information on amsmath, use the `?' option.

("C:\Users\Holmes\AppData\Local\Programs\MiKTeX 2.9\tex\latex\amsmath\amstext.s
ty"
Package: amstext 2000/06/29 v2.01 AMS text

("C:\Users\Holmes\AppData\Local\Programs\MiKTeX 2.9\tex\latex\amsmath\amsgen.st
y"
File: amsgen.sty 1999/11/30 v2.0 generic functions
\@emptytoks=\toks29
\ex@=\dimen156
))
("C:\Users\Holmes\AppData\Local\Programs\MiKTeX 2.9\tex\latex\amsmath\amsbsy.st
y"
Package: amsbsy 1999/11/29 v1.2d Bold Symbols
\pmbraise@=\dimen157
)
("C:\Users\Holmes\AppData\Local\Programs\MiKTeX 2.9\tex\latex\amsmath\amsopn.st
y"
Package: amsopn 1999/12/14 v2.01 operator names
)
\inf@bad=\count113
LaTeX Info: Redefining \frac on input line 199.
\uproot@=\count114
\leftroot@=\count115
LaTeX Info: Redefining \overline on input line 297.
\classnum@=\count116
\DOTSCASE@=\count117
LaTeX Info: Redefining \ldots on input line 394.
LaTeX Info: Redefining \dots on input line 397.
LaTeX Info: Redefining \cdots on input line 518.
\Mathstrutbox@=\box32
\strutbox@=\box33
\big@size=\dimen158
LaTeX Font Info:    Redeclaring font encoding OML on input line 630.
LaTeX Font Info:    Redeclaring font encoding OMS on input line 631.
\macc@depth=\count118
\c@MaxMatrixCols=\count119
\dotsspace@=\muskip10
\c@parentequation=\count120
\dspbrk@lvl=\count121
\tag@help=\toks30
\row@=\count122
\column@=\count123
\maxfields@=\count124
\andhelp@=\toks31
\eqnshift@=\dimen159
\alignsep@=\dimen160
\tagshift@=\dimen161
\tagwidth@=\dimen162
\totwidth@=\dimen163
\lineht@=\dimen164
\@envbody=\toks32
\multlinegap=\skip62
\multlinetaggap=\skip63
\mathdisplay@stack=\toks33
LaTeX Info: Redefining \[ on input line 2735.
LaTeX Info: Redefining \] on input line 2736.
)
("C:\Users\Holmes\AppData\Local\Programs\MiKTeX 2.9\tex\latex\wasysym\wasysym.s
ty"
Package: wasysym 2003/10/30 v2.0 Wasy-2 symbol support package
\symwasy=\mathgroup6
LaTeX Font Info:    Overwriting symbol font `wasy' in version `bold'
(Font)                  U/wasy/m/n --> U/wasy/b/n on input line 90.
)
("C:\Users\Holmes\AppData\Local\Programs\MiKTeX 2.9\tex\latex\booktabs\booktabs
.sty"
Package: booktabs 2005/04/14 v1.61803 publication quality tables
\heavyrulewidth=\dimen165
\lightrulewidth=\dimen166
\cmidrulewidth=\dimen167
\belowrulesep=\dimen168
\belowbottomsep=\dimen169
\aboverulesep=\dimen170
\abovetopsep=\dimen171
\cmidrulesep=\dimen172
\cmidrulekern=\dimen173
\defaultaddspace=\dimen174
\@cmidla=\count125
\@cmidlb=\count126
\@aboverulesep=\dimen175
\@belowrulesep=\dimen176
\@thisruleclass=\count127
\@lastruleclass=\count128
\@thisrulewidth=\dimen177
)
("C:\Users\Holmes\AppData\Local\Programs\MiKTeX 2.9\tex\latex\lineno\lineno.sty
"
Package: lineno 2005/11/02 line numbers on paragraphs v4.41
\linenopenalty=\count129
\output=\toks34
\linenoprevgraf=\count130
\linenumbersep=\dimen178
\linenumberwidth=\dimen179
\c@linenumber=\count131
\c@pagewiselinenumber=\count132
\c@LN@truepage=\count133
\c@internallinenumber=\count134
\c@internallinenumbers=\count135
\quotelinenumbersep=\dimen180
\bframerule=\dimen181
\bframesep=\dimen182
\bframebox=\box34
LaTeX Info: Redefining \\ on input line 3056.
) ("C:\Users\Holmes\AppData\Local\Programs\MiKTeX 2.9\tex\latex\soul\soul.sty"
Package: soul 2003/11/17 v2.4 letterspacing/underlining (mf)
\SOUL@word=\toks35
\SOUL@lasttoken=\toks36
\SOUL@cmds=\toks37
\SOUL@buffer=\toks38
\SOUL@token=\toks39
\SOUL@spaceskip=\skip64
\SOUL@ttwidth=\dimen183
\SOUL@uldp=\dimen184
\SOUL@ulht=\dimen185
) ("C:\Users\Holmes\AppData\Local\Programs\MiKTeX 2.9\tex\latex\fixme\fixme.sty
"
Package: fixme 2013/01/28 v4.2 Collaborative annotations for LaTeX2e

("C:\Users\Holmes\AppData\Local\Programs\MiKTeX 2.9\tex\latex\tools\verbatim.st
y"
Package: verbatim 2014/10/28 v1.5q LaTeX2e package for verbatim enhancements
\every@verbatim=\toks40
\verbatim@line=\toks41
\verbatim@in@stream=\read1
)
("C:\Users\Holmes\AppData\Local\Programs\MiKTeX 2.9\tex\latex\xkeyval\xkeyval.s
ty"
Package: xkeyval 2014/12/03 v2.7a package option processing (HA)

("C:\Users\Holmes\AppData\Local\Programs\MiKTeX 2.9\tex\generic\xkeyval\xkeyval
.tex"
("C:\Users\Holmes\AppData\Local\Programs\MiKTeX 2.9\tex\generic\xkeyval\xkvutil
s.tex"
\XKV@toks=\toks42
\XKV@tempa@toks=\toks43
)
\XKV@depth=\count136
File: xkeyval.tex 2014/12/03 v2.7a key=value parser (HA)
))
\c@fixmecount=\count137
\c@fxnotecount=\count138
\c@fxwarningcount=\count139
\c@fxerrorcount=\count140
\c@fxfatalcount=\count141
)
("C:\Users\Holmes\AppData\Local\Programs\MiKTeX 2.9\tex\latex\tools\longtable.s
ty"
Package: longtable 2014/10/28 v4.11 Multi-page Table package (DPC)
\LTleft=\skip65
\LTright=\skip66
\LTpre=\skip67
\LTpost=\skip68
\LTchunksize=\count142
\LTcapwidth=\dimen186
\LT@head=\box35
\LT@firsthead=\box36
\LT@foot=\box37
\LT@lastfoot=\box38
\LT@cols=\count143
\LT@rows=\count144
\c@LT@tables=\count145
\c@LT@chunks=\count146
\LT@p@ftn=\toks44
)
("C:\Users\Holmes\AppData\Local\Programs\MiKTeX 2.9\tex\latex\preprint\authblk.
sty"
Package: authblk 2001/02/27 1.3 (PWD)
\affilsep=\skip69
\@affilsep=\skip70
\c@Maxaffil=\count147
\c@authors=\count148
\c@affil=\count149
)
("C:\Users\Holmes\AppData\Local\Programs\MiKTeX 2.9\tex\latex\natbib\natbib.sty
"
Package: natbib 2010/09/13 8.31b (PWD, AO)
\bibhang=\skip71
\bibsep=\skip72
LaTeX Info: Redefining \cite on input line 694.
\c@NAT@ctr=\count150
) (template_climate_of_the_past.aux)
\openout1 = `template_climate_of_the_past.aux'.

LaTeX Font Info:    Checking defaults for OML/cmm/m/it on input line 86.
LaTeX Font Info:    ... okay on input line 86.
LaTeX Font Info:    Checking defaults for T1/cmr/m/n on input line 86.
LaTeX Font Info:    ... okay on input line 86.
LaTeX Font Info:    Checking defaults for OT1/cmr/m/n on input line 86.
LaTeX Font Info:    ... okay on input line 86.
LaTeX Font Info:    Checking defaults for OMS/cmsy/m/n on input line 86.
LaTeX Font Info:    ... okay on input line 86.
LaTeX Font Info:    Checking defaults for OMX/cmex/m/n on input line 86.
LaTeX Font Info:    ... okay on input line 86.
LaTeX Font Info:    Checking defaults for U/cmr/m/n on input line 86.
LaTeX Font Info:    ... okay on input line 86.

-- Lines per column: 33 (exact).
Package caption Info: Begin \AtBeginDocument code.
Package caption Info: subfig package v1.3 is loaded.
Package caption Info: longtable package is loaded.

("C:\Users\Holmes\AppData\Local\Programs\MiKTeX 2.9\tex\latex\caption\ltcaption
.sty"
Package: ltcaption 2013/06/09 v1.4-94 longtable captions (AR)
)
Package caption Info: rotating package is loaded.
Package caption Info: End \AtBeginDocument code.

("C:\Users\Holmes\AppData\Local\Programs\MiKTeX 2.9\tex\context\base\supp-pdf.m
kii"
[Loading MPS to PDF converter (version 2006.09.02).]
\scratchcounter=\count151
\scratchdimen=\dimen187
\scratchbox=\box39
\nofMPsegments=\count152
\nofMParguments=\count153
\everyMPshowfont=\toks45
\MPscratchCnt=\count154
\MPscratchDim=\dimen188
\MPnumerator=\count155
\makeMPintoPDFobject=\count156
\everyMPtoPDFconversion=\toks46
)
("C:\Users\Holmes\AppData\Local\Programs\MiKTeX 2.9\tex\generic\oberdiek\pdftex
cmds.sty"
Package: pdftexcmds 2011/11/29 v0.20 Utility functions of pdfTeX for LuaTeX (HO
)

("C:\Users\Holmes\AppData\Local\Programs\MiKTeX 2.9\tex\generic\oberdiek\ifluat
ex.sty"
Package: ifluatex 2010/03/01 v1.3 Provides the ifluatex switch (HO)
Package ifluatex Info: LuaTeX not detected.
)
("C:\Users\Holmes\AppData\Local\Programs\MiKTeX 2.9\tex\generic\oberdiek\ifpdf.
sty"
Package: ifpdf 2011/01/30 v2.3 Provides the ifpdf switch (HO)
Package ifpdf Info: pdfTeX in PDF mode is detected.
)
Package pdftexcmds Info: LuaTeX not detected.
Package pdftexcmds Info: \pdf@primitive is available.
Package pdftexcmds Info: \pdf@ifprimitive is available.
Package pdftexcmds Info: \pdfdraftmode found.
)
("C:\Users\Holmes\AppData\Local\Programs\MiKTeX 2.9\tex\latex\oberdiek\epstopdf
-base.sty"
Package: epstopdf-base 2010/02/09 v2.5 Base part for package epstopdf

("C:\Users\Holmes\AppData\Local\Programs\MiKTeX 2.9\tex\latex\oberdiek\grfext.s
ty"
Package: grfext 2010/08/19 v1.1 Manage graphics extensions (HO)

("C:\Users\Holmes\AppData\Local\Programs\MiKTeX 2.9\tex\generic\oberdiek\kvdefi
nekeys.sty"
Package: kvdefinekeys 2011/04/07 v1.3 Define keys (HO)
))
("C:\Users\Holmes\AppData\Local\Programs\MiKTeX 2.9\tex\latex\oberdiek\kvoption
s.sty"
Package: kvoptions 2011/06/30 v3.11 Key value format for package options (HO)

("C:\Users\Holmes\AppData\Local\Programs\MiKTeX 2.9\tex\generic\oberdiek\kvsetk
eys.sty"
Package: kvsetkeys 2012/04/25 v1.16 Key value parser (HO)

("C:\Users\Holmes\AppData\Local\Programs\MiKTeX 2.9\tex\generic\oberdiek\etexcm
ds.sty"
Package: etexcmds 2011/02/16 v1.5 Avoid name clashes with e-TeX commands (HO)
Package etexcmds Info: Could not find \expanded.
(etexcmds)             That can mean that you are not using pdfTeX 1.50 or
(etexcmds)             that some package has redefined \expanded.
(etexcmds)             In the latter case, load this package earlier.
)))
Package grfext Info: Graphics extension search list:
(grfext)             [.png,.pdf,.jpg,.mps,.jpeg,.jbig2,.jb2,.PNG,.PDF,.JPG,.JPE
G,.JBIG2,.JB2,.eps]
(grfext)             \AppendGraphicsExtensions on input line 452.
)
LaTeX Font Info:    Try loading font information for OT1+phv on input line 103.


("C:\Users\Holmes\AppData\Local\Programs\MiKTeX 2.9\tex\latex\psnfss\ot1phv.fd"
File: ot1phv.fd 2001/06/04 scalable font definitions for OT1/phv.
)
LaTeX Font Info:    Try loading font information for U+msa on input line 103.
 ("C:\Users\Holmes\AppData\Local\Programs\MiKTeX 2.9\tex\latex\amsfonts\umsa.fd
"
File: umsa.fd 2013/01/14 v3.01 AMS symbols A
)
LaTeX Font Info:    Try loading font information for U+msb on input line 103.

("C:\Users\Holmes\AppData\Local\Programs\MiKTeX 2.9\tex\latex\amsfonts\umsb.fd"
File: umsb.fd 2013/01/14 v3.01 AMS symbols B
)
LaTeX Font Info:    Try loading font information for U+wasy on input line 103.
 ("C:\Users\Holmes\AppData\Local\Programs\MiKTeX 2.9\tex\latex\wasysym\uwasy.fd
"
File: uwasy.fd 2003/10/30 v2.0 Wasy-2 symbol font definitions
) [1{C:/Users/Holmes/AppData/Local/MiKTeX/2.9/pdftex/config/pdftex.map}]
LaTeX Font Info:    Calculating math sizes for size <11> on input line 151.

[2]
Underfull \hbox (badness 10000) in paragraph at lines 225--236

 []

[3] [4]

LaTeX Warning: No positions in optional float specifier.
               Default added (so using `tbp') on input line 321.

Package epstopdf Info: Source file: <Figure_1.eps>
(epstopdf)                    date: 2016-10-18 15:23:13
(epstopdf)                    size: 154264 bytes
(epstopdf)             Output file: <Figure_1-eps-converted-to.pdf>
(epstopdf)                    date: 2016-12-12 14:32:25
(epstopdf)                    size: 32488 bytes
(epstopdf)             Command: <epstopdf --outfile=Figure_1-eps-converted-to.p
df Figure_1.eps>
(epstopdf)             \includegraphics on input line 324.
Package epstopdf Info: Output file is already uptodate.
<Figure_1-eps-converted-to.pdf, id=29, 653.44125pt x 534.99875pt>
File: Figure_1-eps-converted-to.pdf Graphic file (type pdf)

<use Figure_1-eps-converted-to.pdf>
Package pdftex.def Info: Figure_1-eps-converted-to.pdf used on input line 324.
(pdftex.def)             Requested size: 281.85587pt x 230.76335pt.
 [5]

LaTeX Warning: No positions in optional float specifier.
               Default added (so using `tbp') on input line 364.

Package epstopdf Info: Source file: <./Figure_2.eps>
(epstopdf)                    date: 2016-10-18 15:23:13
(epstopdf)                    size: 118967 bytes
(epstopdf)             Output file: <./Figure_2-eps-converted-to.pdf>
(epstopdf)                    date: 2016-12-12 14:32:53
(epstopdf)                    size: 27645 bytes
(epstopdf)             Command: <epstopdf --outfile=./Figure_2-eps-converted-to
.pdf ./Figure_2.eps>
(epstopdf)             \includegraphics on input line 367.
Package epstopdf Info: Output file is already uptodate.
<./Figure_2-eps-converted-to.pdf, id=33, 698.61pt x 492.84125pt>
File: ./Figure_2-eps-converted-to.pdf Graphic file (type pdf)

<use ./Figure_2-eps-converted-to.pdf>
Package pdftex.def Info: ./Figure_2-eps-converted-to.pdf used on input line 367
.
(pdftex.def)             Requested size: 281.85587pt x 198.84007pt.
LaTeX Font Info:    Try loading font information for U+euf on input line 393.

("C:\Users\Holmes\AppData\Local\Programs\MiKTeX 2.9\tex\latex\amsfonts\ueuf.fd"
File: ueuf.fd 2013/01/14 v3.01 Euler Fraktur
) [6 <./Figure_1-eps-converted-to.pdf>] [7 <./Figure_2-eps-converted-to.pdf>]
[8]

LaTeX Warning: No positions in optional float specifier.
               Default added (so using `tbp') on input line 503.

Package epstopdf Info: Source file: <Figure_3.eps>
(epstopdf)                    date: 2016-10-18 15:23:13
(epstopdf)                    size: 87764 bytes
(epstopdf)             Output file: <Figure_3-eps-converted-to.pdf>
(epstopdf)                    date: 2016-12-12 14:33:51
(epstopdf)                    size: 15897 bytes
(epstopdf)             Command: <epstopdf --outfile=Figure_3-eps-converted-to.p
df Figure_3.eps>
(epstopdf)             \includegraphics on input line 506.
Package epstopdf Info: Output file is already uptodate.
<Figure_3-eps-converted-to.pdf, id=75, 516.93124pt x 515.9275pt>
File: Figure_3-eps-converted-to.pdf Graphic file (type pdf)

<use Figure_3-eps-converted-to.pdf>
Package pdftex.def Info: Figure_3-eps-converted-to.pdf used on input line 506.
(pdftex.def)             Requested size: 281.85587pt x 281.32056pt.


LaTeX Warning: No positions in optional float specifier.
               Default added (so using `tbp') on input line 514.

Package epstopdf Info: Source file: <Figure_4.eps>
(epstopdf)                    date: 2016-10-18 15:23:13
(epstopdf)                    size: 87998 bytes
(epstopdf)             Output file: <Figure_4-eps-converted-to.pdf>
(epstopdf)                    date: 2016-12-12 14:33:55
(epstopdf)                    size: 14534 bytes
(epstopdf)             Command: <epstopdf --outfile=Figure_4-eps-converted-to.p
df Figure_4.eps>
(epstopdf)             \includegraphics on input line 517.
Package epstopdf Info: Output file is already uptodate.
<Figure_4-eps-converted-to.pdf, id=76, 596.2275pt x 464.73625pt>
File: Figure_4-eps-converted-to.pdf Graphic file (type pdf)

<use Figure_4-eps-converted-to.pdf>
Package pdftex.def Info: Figure_4-eps-converted-to.pdf used on input line 517.
(pdftex.def)             Requested size: 281.85587pt x 219.6954pt.
 [9]

LaTeX Warning: No positions in optional float specifier.
               Default added (so using `tbp') on input line 562.

Package epstopdf Info: Source file: <Figure_5.eps>
(epstopdf)                    date: 2016-10-19 15:40:45
(epstopdf)                    size: 74276 bytes
(epstopdf)             Output file: <Figure_5-eps-converted-to.pdf>
(epstopdf)                    date: 2016-12-12 14:35:04
(epstopdf)                    size: 13187 bytes
(epstopdf)             Command: <epstopdf --outfile=Figure_5-eps-converted-to.p
df Figure_5.eps>
(epstopdf)             \includegraphics on input line 565.
Package epstopdf Info: Output file is already uptodate.
<Figure_5-eps-converted-to.pdf, id=80, 641.39626pt x 484.81125pt>
File: Figure_5-eps-converted-to.pdf Graphic file (type pdf)

<use Figure_5-eps-converted-to.pdf>
Package pdftex.def Info: Figure_5-eps-converted-to.pdf used on input line 565.
(pdftex.def)             Requested size: 375.80544pt x 284.06099pt.
 [10 <./Figure_3-eps-converted-to.pdf>]
[11 <./Figure_4-eps-converted-to.pdf>] [12 <./Figure_5-eps-converted-to.pdf>]

LaTeX Warning: No positions in optional float specifier.
               Default added (so using `tbp') on input line 674.

Package epstopdf Info: Source file: <Figure_6.eps>
(epstopdf)                    date: 2016-10-18 15:23:13
(epstopdf)                    size: 124443 bytes
(epstopdf)             Output file: <Figure_6-eps-converted-to.pdf>
(epstopdf)                    date: 2016-12-12 14:35:08
(epstopdf)                    size: 27518 bytes
(epstopdf)             Command: <epstopdf --outfile=Figure_6-eps-converted-to.p
df Figure_6.eps>
(epstopdf)             \includegraphics on input line 677.
Package epstopdf Info: Output file is already uptodate.
<Figure_6-eps-converted-to.pdf, id=108, 644.4075pt x 536.0025pt>
File: Figure_6-eps-converted-to.pdf Graphic file (type pdf)

<use Figure_6-eps-converted-to.pdf>
Package pdftex.def Info: Figure_6-eps-converted-to.pdf used on input line 677.
(pdftex.def)             Requested size: 328.82707pt x 273.52122pt.


LaTeX Warning: No positions in optional float specifier.
               Default added (so using `tbp') on input line 687.

Package epstopdf Info: Source file: <Figure_7.eps>
(epstopdf)                    date: 2016-10-18 15:23:13
(epstopdf)                    size: 74440 bytes
(epstopdf)             Output file: <Figure_7-eps-converted-to.pdf>
(epstopdf)                    date: 2016-12-12 14:35:58
(epstopdf)                    size: 16670 bytes
(epstopdf)             Command: <epstopdf --outfile=Figure_7-eps-converted-to.p
df Figure_7.eps>
(epstopdf)             \includegraphics on input line 690.
Package epstopdf Info: Output file is already uptodate.
<Figure_7-eps-converted-to.pdf, id=109, 744.7825pt x 587.19376pt>
File: Figure_7-eps-converted-to.pdf Graphic file (type pdf)

<use Figure_7-eps-converted-to.pdf>
Package pdftex.def Info: Figure_7-eps-converted-to.pdf used on input line 690.
(pdftex.def)             Requested size: 328.82707pt x 259.25307pt.


LaTeX Warning: No positions in optional float specifier.
               Default added (so using `tbp') on input line 700.

Package epstopdf Info: Source file: <Figure_8.eps>
(epstopdf)                    date: 2016-10-27 13:12:31
(epstopdf)                    size: 37394 bytes
(epstopdf)             Output file: <Figure_8-eps-converted-to.pdf>
(epstopdf)                    date: 2016-12-12 14:36:02
(epstopdf)                    size: 5358 bytes
(epstopdf)             Command: <epstopdf --outfile=Figure_8-eps-converted-to.p
df Figure_8.eps>
(epstopdf)             \includegraphics on input line 703.
Package epstopdf Info: Output file is already uptodate.
<Figure_8-eps-converted-to.pdf, id=110, 547.04375pt x 424.58624pt>
File: Figure_8-eps-converted-to.pdf Graphic file (type pdf)

<use Figure_8-eps-converted-to.pdf>
Package pdftex.def Info: Figure_8-eps-converted-to.pdf used on input line 703.
(pdftex.def)             Requested size: 328.82707pt x 255.22017pt.
 [13] [14 <./Figure_6-eps-converted-to.pdf>]

LaTeX Warning: No positions in optional float specifier.
               Default added (so using `tbp') on input line 763.

Package epstopdf Info: Source file: <Figure_9.eps>
(epstopdf)                    date: 2016-10-18 15:23:13
(epstopdf)                    size: 44095 bytes
(epstopdf)             Output file: <Figure_9-eps-converted-to.pdf>
(epstopdf)                    date: 2016-12-12 14:38:05
(epstopdf)                    size: 9887 bytes
(epstopdf)             Command: <epstopdf --outfile=Figure_9-eps-converted-to.p
df Figure_9.eps>
(epstopdf)             \includegraphics on input line 766.
Package epstopdf Info: Output file is already uptodate.
<Figure_9-eps-converted-to.pdf, id=126, 545.03625pt x 434.62375pt>
File: Figure_9-eps-converted-to.pdf Graphic file (type pdf)

<use Figure_9-eps-converted-to.pdf>
Package pdftex.def Info: Figure_9-eps-converted-to.pdf used on input line 766.
(pdftex.def)             Requested size: 328.82707pt x 262.21536pt.
 [15 <./Figure_7-eps-converted-to.pdf>]
[16 <./Figure_8-eps-converted-to.pdf>] [17 <./Figure_9-eps-converted-to.pdf>]

LaTeX Warning: No positions in optional float specifier.
               Default added (so using `tbp') on input line 831.

Package epstopdf Info: Source file: <Figure_10.eps>
(epstopdf)                    date: 2016-10-21 09:04:07
(epstopdf)                    size: 206036 bytes
(epstopdf)             Output file: <Figure_10-eps-converted-to.pdf>
(epstopdf)                    date: 2016-12-12 14:38:09
(epstopdf)                    size: 7312 bytes
(epstopdf)             Command: <epstopdf --outfile=Figure_10-eps-converted-to.
pdf Figure_10.eps>
(epstopdf)             \includegraphics on input line 834.
Package epstopdf Info: Output file is already uptodate.
<Figure_10-eps-converted-to.pdf, id=158, 1156.32pt x 564.1075pt>
File: Figure_10-eps-converted-to.pdf Graphic file (type pdf)

<use Figure_10-eps-converted-to.pdf>
Package pdftex.def Info: Figure_10-eps-converted-to.pdf used on input line 834.

(pdftex.def)             Requested size: 469.75502pt x 229.1681pt.


LaTeX Warning: No positions in optional float specifier.
               Default added (so using `tbp') on input line 840.

[18 <./Figure_10-eps-converted-to.pdf>] [19]

LaTeX Warning: No positions in optional float specifier.
               Default added (so using `tbp') on input line 924.


LaTeX Warning: No positions in optional float specifier.
               Default added (so using `tbp') on input line 956.

Package epstopdf Info: Source file: <Figure_11.eps>
(epstopdf)                    date: 2016-11-08 14:05:32
(epstopdf)                    size: 219948 bytes
(epstopdf)             Output file: <Figure_11-eps-converted-to.pdf>
(epstopdf)                    date: 2016-12-12 14:38:13
(epstopdf)                    size: 8839 bytes
(epstopdf)             Command: <epstopdf --outfile=Figure_11-eps-converted-to.
pdf Figure_11.eps>
(epstopdf)             \includegraphics on input line 959.
Package epstopdf Info: Output file is already uptodate.
<Figure_11-eps-converted-to.pdf, id=182, 1156.32pt x 564.1075pt>
File: Figure_11-eps-converted-to.pdf Graphic file (type pdf)

<use Figure_11-eps-converted-to.pdf>
Package pdftex.def Info: Figure_11-eps-converted-to.pdf used on input line 959.

(pdftex.def)             Requested size: 469.75502pt x 229.1681pt.


LaTeX Warning: No positions in optional float specifier.
               Default added (so using `tbp') on input line 970.

Package epstopdf Info: Source file: <Figure_12.eps>
(epstopdf)                    date: 2016-11-08 14:07:49
(epstopdf)                    size: 230277 bytes
(epstopdf)             Output file: <Figure_12-eps-converted-to.pdf>
(epstopdf)                    date: 2016-12-12 14:38:16
(epstopdf)                    size: 9695 bytes
(epstopdf)             Command: <epstopdf --outfile=Figure_12-eps-converted-to.
pdf Figure_12.eps>
(epstopdf)             \includegraphics on input line 973.
Package epstopdf Info: Output file is already uptodate.
<Figure_12-eps-converted-to.pdf, id=183, 1156.32pt x 564.1075pt>
File: Figure_12-eps-converted-to.pdf Graphic file (type pdf)

<use Figure_12-eps-converted-to.pdf>
Package pdftex.def Info: Figure_12-eps-converted-to.pdf used on input line 973.

(pdftex.def)             Requested size: 469.75502pt x 229.1681pt.


LaTeX Warning: No positions in optional float specifier.
               Default added (so using `tbp') on input line 983.


Overfull \hbox (20.46864pt too wide) in paragraph at lines 988--1032
 [] 
 []


LaTeX Warning: No positions in optional float specifier.
               Default added (so using `tbp') on input line 1036.

Package epstopdf Info: Source file: <Figure_13.eps>
(epstopdf)                    date: 2016-11-08 13:47:40
(epstopdf)                    size: 276623 bytes
(epstopdf)             Output file: <Figure_13-eps-converted-to.pdf>
(epstopdf)                    date: 2016-12-12 14:38:20
(epstopdf)                    size: 13923 bytes
(epstopdf)             Command: <epstopdf --outfile=Figure_13-eps-converted-to.
pdf Figure_13.eps>
(epstopdf)             \includegraphics on input line 1039.
Package epstopdf Info: Output file is already uptodate.
<Figure_13-eps-converted-to.pdf, id=184, 1156.32pt x 564.1075pt>
File: Figure_13-eps-converted-to.pdf Graphic file (type pdf)

<use Figure_13-eps-converted-to.pdf>
Package pdftex.def Info: Figure_13-eps-converted-to.pdf used on input line 1039
.
(pdftex.def)             Requested size: 469.75502pt x 229.1681pt.
 [20] [21] [22 <./Figure_11-eps-converted-to.pdf> <./Figure_12-eps-converted-to
.pdf>] [23] [24 <./Figure_13-eps-converted-to.pdf>] [25] [26] [27] [28] [29] (t
emplate_climate_of_the_past.bbl [30]
Missing character: There is no â in font ptmb7t!
Missing character: There is no € in font ptmb7t!
Missing character: There is no “ in font ptmb7t!
Missing character: There is no â in font ptmb7t!
Missing character: There is no € in font ptmb7t!
Missing character: There is no “ in font ptmb7t!

[31]
Missing character: There is no â in font ptmr7t!
Missing character: There is no € in font ptmr7t!
Missing character: There is no “ in font ptmr7t!
Missing character: There is no â in font ptmr7t!
Missing character: There is no € in font ptmr7t!
Missing character: There is no “ in font ptmr7t!
 [32]
Missing character: There is no Ã in font ptmr7t!
Missing character: There is no ¶ in font ptmr7t!
Missing character: There is no â in font ptmb7t!
Missing character: There is no € in font ptmb7t!
Missing character: There is no “ in font ptmb7t!
 [33]
Missing character: There is no Ã in font ptmr7t!
Missing character: There is no ¼ in font ptmr7t!
 [34])

FiXme Summary: Number of notes: 0,
(FiXme)        Number of warnings: 0,
(FiXme)        Number of errors: 0,
(FiXme)        Number of fatal errors: 0,
(FiXme)        Total: 0.

[35] (template_climate_of_the_past.aux) ) 
Here is how much of TeX's memory you used:
 7759 strings out of 493622
 120757 string characters out of 3134732
 220616 words of memory out of 3000000
 10943 multiletter control sequences out of 15000+200000
 52159 words of font info for 125 fonts, out of 3000000 for 9000
 1025 hyphenation exceptions out of 8191
 44i,13n,77p,641b,452s stack positions out of 5000i,500n,10000p,200000b,50000s
{C:/Users/Holmes/AppData/Local/Program
s/MiKTeX 2.9/fonts/enc/dvips/fontname/8r.enc}<C:/Users/Holmes/AppData/Local/Pro
grams/MiKTeX 2.9/fonts/type1/public/amsfonts/cm/cmex10.pfb><C:/Users/Holmes/App
Data/Local/Programs/MiKTeX 2.9/fonts/type1/public/amsfonts/cmextra/cmex8.pfb><C
:/Users/Holmes/AppData/Local/Programs/MiKTeX 2.9/fonts/type1/public/amsfonts/cm
/cmmi10.pfb><C:/Users/Holmes/AppData/Local/Programs/MiKTeX 2.9/fonts/type1/publ
ic/amsfonts/cm/cmmi5.pfb><C:/Users/Holmes/AppData/Local/Programs/MiKTeX 2.9/fon
ts/type1/public/amsfonts/cm/cmmi6.pfb><C:/Users/Holmes/AppData/Local/Programs/M
iKTeX 2.9/fonts/type1/public/amsfonts/cm/cmmi8.pfb><C:/Users/Holmes/AppData/Loc
al/Programs/MiKTeX 2.9/fonts/type1/public/amsfonts/cm/cmmi9.pfb><C:/Users/Holme
s/AppData/Local/Programs/MiKTeX 2.9/fonts/type1/public/amsfonts/cm/cmr10.pfb><C
:/Users/Holmes/AppData/Local/Programs/MiKTeX 2.9/fonts/type1/public/amsfonts/cm
/cmr5.pfb><C:/Users/Holmes/AppData/Local/Programs/MiKTeX 2.9/fonts/type1/public
/amsfonts/cm/cmr6.pfb><C:/Users/Holmes/AppData/Local/Programs/MiKTeX 2.9/fonts/
type1/public/amsfonts/cm/cmr7.pfb><C:/Users/Holmes/AppData/Local/Programs/MiKTe
X 2.9/fonts/type1/public/amsfonts/cm/cmr8.pfb><C:/Users/Holmes/AppData/Local/Pr
ograms/MiKTeX 2.9/fonts/type1/public/amsfonts/cm/cmr9.pfb><C:/Users/Holmes/AppD
ata/Local/Programs/MiKTeX 2.9/fonts/type1/public/amsfonts/cm/cmsy10.pfb><C:/Use
rs/Holmes/AppData/Local/Programs/MiKTeX 2.9/fonts/type1/public/amsfonts/cm/cmsy
5.pfb><C:/Users/Holmes/AppData/Local/Programs/MiKTeX 2.9/fonts/type1/public/ams
fonts/cm/cmsy6.pfb><C:/Users/Holmes/AppData/Local/Programs/MiKTeX 2.9/fonts/typ
e1/public/amsfonts/cm/cmsy8.pfb><C:/Users/Holmes/AppData/Local/Programs/MiKTeX 
2.9/fonts/type1/public/amsfonts/cm/cmsy9.pfb><C:/Users/Holmes/AppData/Local/Pro
grams/MiKTeX 2.9/fonts/type1/public/amsfonts/euler/eufm10.pfb><C:/Users/Holmes/
AppData/Local/Programs/MiKTeX 2.9/fonts/type1/public/amsfonts/symbols/msbm10.pf
b><C:/Users/Holmes/AppData/Local/Programs/MiKTeX 2.9/fonts/type1/urw/helvetic/u
hvr8a.pfb><C:/Users/Holmes/AppData/Local/Programs/MiKTeX 2.9/fonts/type1/urw/ti
mes/utmb8a.pfb><C:/Users/Holmes/AppData/Local/Programs/MiKTeX 2.9/fonts/type1/u
rw/times/utmr8a.pfb><C:/Users/Holmes/AppData/Local/Programs/MiKTeX 2.9/fonts/ty
pe1/urw/times/utmri8a.pfb><C:/Users/Holmes/AppData/Local/Programs/MiKTeX 2.9/fo
nts/type1/public/wasy/wasy10.pfb>
Output written on template_climate_of_the_past.pdf (35 pages, 543831 bytes).
PDF statistics:
 347 PDF objects out of 1000 (max. 8388607)
 0 named destinations out of 1000 (max. 500000)
 66 words of extra memory for PDF output out of 10000 (max. 10000000)

